SF:lib\portfolio\model\crypto_view_data.dart
DA:6,6
DA:13,6
LF:2
LH:2
end_of_record
SF:lib\shared\common_model\crypto.dart
DA:10,17
LF:1
LH:1
end_of_record
SF:lib\shared\utils\decimal_parse.dart
DA:4,46
LF:1
LH:1
end_of_record
SF:lib\shared\utils\arguments\to_conversion_arguments.dart
DA:12,1
LF:1
LH:1
end_of_record
SF:lib\shared\utils\arguments\to_details_arguments.dart
DA:8,1
LF:1
LH:1
end_of_record
SF:lib\shared\utils\arguments\to_revision_arguments.dart
DA:10,1
LF:1
LH:1
end_of_record
SF:lib\conversion\logicholder\methods\show_modal_bottom_sheet_cryptos.dart
DA:6,1
DA:11,1
DA:18,1
DA:19,1
DA:21,1
DA:23,1
DA:24,1
DA:29,1
DA:31,1
DA:38,1
LF:10
LH:10
end_of_record
SF:lib\shared\templates\app_assets.dart
DA:5,22
LF:1
LH:1
end_of_record
SF:lib\conversion\widgets\available_balance_container.dart
DA:10,3
DA:14,3
DA:17,3
DA:19,3
DA:24,3
DA:25,3
DA:27,3
DA:28,3
DA:29,6
DA:30,3
DA:31,3
DA:36,3
DA:37,18
DA:38,3
LF:14
LH:14
end_of_record
SF:lib\l10n\core_strings.dart
DA:64,96
DA:68,19
DA:69,19
DA:262,36
DA:264,32
DA:266,64
DA:269,32
DA:270,96
DA:272,0
DA:276,32
DA:280,32
DA:281,33
DA:282,64
DA:283,2
DA:286,0
LF:15
LH:13
end_of_record
SF:lib\l10n\core_strings_en.dart
DA:5,2
DA:7,1
DA:10,1
DA:13,1
DA:16,1
DA:19,1
DA:22,1
DA:25,1
DA:28,1
DA:31,1
DA:34,1
DA:37,1
DA:40,1
DA:43,1
DA:46,1
DA:49,1
DA:52,1
DA:55,1
DA:58,1
DA:61,1
DA:64,1
DA:67,1
DA:70,1
DA:73,1
DA:76,1
DA:79,1
DA:82,1
DA:85,1
LF:28
LH:28
end_of_record
SF:lib\l10n\core_strings_es.dart
DA:5,64
DA:7,3
DA:10,4
DA:13,3
DA:16,3
DA:19,1
DA:22,3
DA:25,3
DA:28,3
DA:31,3
DA:34,2
DA:37,4
DA:40,4
DA:43,4
DA:46,1
DA:49,1
DA:52,1
DA:55,4
DA:58,2
DA:61,2
DA:64,3
DA:67,3
DA:70,3
DA:73,3
DA:76,2
DA:79,2
DA:82,2
DA:85,2
LF:28
LH:28
end_of_record
SF:lib\l10n\core_strings_pt.dart
DA:5,2
DA:7,1
DA:10,1
DA:13,1
DA:16,1
DA:19,1
DA:22,1
DA:25,1
DA:28,1
DA:31,1
DA:34,1
DA:37,1
DA:40,1
DA:43,1
DA:46,1
DA:49,1
DA:52,1
DA:55,1
DA:58,1
DA:61,1
DA:64,1
DA:67,1
DA:70,1
DA:73,1
DA:76,1
DA:79,1
DA:82,1
DA:85,1
LF:28
LH:28
end_of_record
SF:lib\shared\theme\theme_data_criptos.dart
DA:5,32
DA:6,32
DA:7,32
DA:8,32
DA:15,32
DA:21,32
LF:6
LH:6
end_of_record
SF:lib\conversion\controller\conversion_controller.dart
DA:32,1
DA:33,2
DA:36,1
DA:37,2
DA:40,2
DA:42,2
DA:43,2
DA:44,2
DA:45,2
DA:46,2
DA:47,6
DA:48,0
DA:49,6
DA:50,4
DA:51,4
DA:52,4
DA:55,1
DA:56,6
DA:57,2
DA:58,6
DA:59,1
DA:62,1
DA:63,1
DA:64,0
DA:66,1
DA:68,1
DA:71,1
DA:73,4
DA:74,2
DA:76,1
DA:78,2
DA:79,9
DA:80,1
DA:81,1
DA:82,1
DA:83,1
DA:86,1
DA:87,1
DA:88,2
DA:89,1
DA:90,1
DA:91,2
DA:92,6
DA:93,1
DA:94,1
DA:97,1
DA:99,1
DA:100,1
DA:101,5
DA:102,1
DA:104,1
DA:105,1
DA:108,0
DA:109,0
DA:112,0
DA:113,0
DA:114,0
DA:115,0
DA:116,0
LF:59
LH:50
end_of_record
SF:lib\details\usecase\prices_usecase.dart
DA:9,1
DA:11,1
DA:12,2
DA:13,1
LF:4
LH:4
end_of_record
SF:lib\portfolio\usecase\cryptos_usecase.dart
DA:7,4
DA:9,4
DA:10,8
DA:11,1
LF:4
LH:4
end_of_record
SF:lib\shared\api\cryptos_endpoint.dart
DA:8,4
DA:9,4
DA:10,8
DA:11,8
DA:14,1
DA:15,2
DA:16,2
LF:7
LH:7
end_of_record
SF:lib\shared\repository\cryptos_repository.dart
DA:9,4
DA:11,4
DA:12,8
DA:13,1
DA:14,1
DA:15,2
DA:16,1
DA:17,1
DA:24,1
DA:25,2
DA:26,2
LF:11
LH:11
end_of_record
SF:lib\details\mapper\prices_mapper.dart
DA:5,1
DA:6,1
DA:7,1
DA:8,2
DA:9,1
LF:5
LH:5
end_of_record
SF:lib\shared\api\models\get_crypto_market_data_response.dart
DA:9,1
DA:11,2
LF:2
LH:2
end_of_record
SF:lib\shared\api\models\get_crypto_market_data_response.g.dart
DA:9,1
DA:11,1
DA:12,1
DA:13,5
DA:14,1
LF:5
LH:5
end_of_record
SF:lib\details\model\prices_view_data.dart
DA:4,3
LF:1
LH:1
end_of_record
SF:lib\portfolio\mapper\crypto_mapper.dart
DA:5,1
DA:6,1
DA:7,1
DA:8,2
DA:9,1
DA:10,1
DA:11,1
DA:12,1
DA:13,1
DA:14,1
DA:17,1
LF:11
LH:11
end_of_record
SF:lib\shared\api\models\get_all_cryptos_response.dart
DA:7,1
LF:1
LH:1
end_of_record
SF:lib\shared\api\models\cryptos_response.dart
DA:14,1
DA:23,1
DA:24,1
LF:3
LH:3
end_of_record
SF:lib\shared\api\models\cryptos_response.g.dart
DA:9,1
DA:10,1
DA:11,1
DA:12,1
DA:13,1
DA:14,1
DA:15,3
DA:16,2
LF:8
LH:8
end_of_record
SF:lib\shared\common_model\move_model.dart
DA:12,6
DA:21,1
DA:22,1
DA:24,4
DA:25,4
DA:26,4
DA:27,4
DA:28,3
DA:29,3
DA:34,1
DA:35,1
DA:36,2
DA:37,2
DA:38,2
DA:39,2
DA:40,1
DA:41,1
DA:45,3
DA:47,1
DA:48,2
LF:20
LH:20
end_of_record
SF:lib\conversion\widgets\coin_button.dart
DA:9,3
DA:16,3
DA:22,3
DA:23,3
DA:27,3
DA:29,9
DA:30,3
DA:31,3
DA:32,6
DA:33,3
DA:35,1
DA:36,1
DA:38,1
DA:39,1
DA:41,4
DA:42,1
DA:44,1
DA:49,1
DA:51,0
DA:52,0
DA:53,0
DA:55,0
DA:56,0
DA:58,0
DA:60,0
DA:62,0
DA:63,0
DA:65,0
DA:67,0
DA:69,1
DA:70,2
DA:76,1
DA:77,1
DA:87,1
DA:91,3
DA:92,3
DA:93,3
DA:96,15
DA:98,3
DA:102,15
LF:40
LH:29
end_of_record
SF:lib\conversion\provider\controller_provider.dart
DA:4,25
LF:1
LH:1
end_of_record
SF:lib\conversion\widgets\coin_text_field.dart
DA:11,3
DA:18,3
DA:25,3
DA:26,3
DA:30,3
DA:32,9
DA:33,3
DA:38,3
DA:39,6
DA:40,3
DA:41,3
DA:42,3
DA:45,6
DA:46,3
DA:47,15
DA:54,0
DA:55,0
DA:56,0
DA:57,0
DA:58,0
DA:61,0
DA:62,0
DA:64,0
DA:65,0
DA:66,0
DA:67,0
DA:68,0
DA:69,0
DA:70,0
DA:74,3
DA:75,6
LF:31
LH:17
end_of_record
SF:lib\conversion\view\conversion_page.dart
DA:15,1
DA:21,1
DA:28,1
DA:29,1
DA:33,1
DA:35,5
DA:36,8
DA:37,1
DA:39,3
LF:9
LH:9
end_of_record
SF:lib\conversion\view\conversion_screen.dart
DA:16,26
DA:20,2
DA:21,2
DA:28,2
DA:30,6
DA:31,2
DA:32,0
DA:35,2
DA:37,2
DA:38,2
DA:39,2
DA:40,2
DA:45,2
DA:47,2
DA:48,2
DA:49,2
DA:50,4
DA:53,2
DA:54,2
DA:56,2
DA:58,0
DA:59,0
DA:60,0
DA:64,2
DA:66,2
DA:68,4
DA:69,2
DA:70,2
DA:74,2
DA:75,2
DA:76,2
DA:77,2
DA:79,4
DA:80,2
DA:81,2
DA:82,2
DA:83,2
LF:37
LH:33
end_of_record
SF:lib\shared\templates\model_app_bar.dart
DA:5,2
DA:11,2
DA:13,2
DA:15,2
DA:16,0
DA:17,0
DA:20,8
DA:23,2
DA:24,2
DA:25,6
DA:30,2
LF:11
LH:9
end_of_record
SF:lib\conversion\widgets\floating_cripto_button.dart
DA:8,26
DA:12,2
DA:14,4
DA:15,2
DA:16,2
DA:17,2
DA:18,0
DA:19,0
DA:20,0
LF:9
LH:6
end_of_record
SF:lib\conversion\widgets\swap_icon_button.dart
DA:6,3
DA:9,3
DA:11,3
DA:12,3
DA:16,3
DA:18,3
DA:19,3
DA:22,3
DA:25,6
LF:9
LH:9
end_of_record
SF:lib\conversion\widgets\total_convert_value_container.dart
DA:9,3
DA:13,3
DA:18,3
DA:20,3
DA:22,3
DA:23,3
DA:29,3
DA:30,3
DA:31,6
DA:34,3
DA:37,3
DA:38,3
DA:39,6
DA:41,3
DA:49,3
DA:50,18
LF:16
LH:16
end_of_record
SF:lib\conversion\widgets\helper_currency_text.dart
DA:8,3
DA:11,3
DA:15,3
DA:17,3
DA:22,3
DA:23,12
LF:6
LH:6
end_of_record
SF:lib\conversion\widgets\informative_text.dart
DA:7,26
DA:9,3
DA:11,3
DA:16,3
DA:17,6
DA:18,9
LF:6
LH:6
end_of_record
SF:lib\shared\utils\currency_formater.dart
DA:5,42
DA:6,28
LF:2
LH:2
end_of_record
SF:lib\shared\utils\decimal_to_double.dart
DA:4,42
LF:1
LH:1
end_of_record
SF:lib\details\widgets\body_details_screen.dart
DA:23,1
DA:28,1
DA:32,1
DA:34,2
DA:35,4
DA:37,12
DA:39,1
DA:42,1
DA:44,1
DA:45,1
DA:48,1
DA:49,1
DA:50,4
DA:51,1
DA:52,1
DA:53,2
DA:54,2
DA:63,1
DA:66,1
DA:67,1
DA:68,1
DA:71,1
DA:75,1
DA:76,0
DA:77,0
DA:80,0
DA:81,0
DA:82,0
DA:83,0
DA:84,0
DA:88,2
DA:89,1
LF:32
LH:25
end_of_record
SF:lib\details\widgets\change_days_buttons.dart
DA:6,18
DA:8,2
DA:10,2
DA:15,2
LF:4
LH:4
end_of_record
SF:lib\details\widgets\info_column.dart
DA:12,2
DA:19,2
DA:27,2
DA:29,2
DA:33,2
DA:34,2
DA:36,2
DA:37,8
DA:38,4
DA:39,12
DA:43,2
DA:44,8
DA:46,10
DA:47,4
DA:51,2
DA:52,4
DA:54,12
DA:57,2
DA:58,4
DA:59,4
DA:60,10
LF:21
LH:21
end_of_record
SF:lib\details\widgets\top_page_container.dart
DA:11,2
DA:14,2
DA:16,2
DA:18,8
DA:19,2
DA:24,2
DA:26,2
DA:27,2
DA:29,2
DA:30,2
DA:31,2
DA:32,4
DA:42,2
DA:44,8
DA:48,8
DA:49,2
DA:53,2
DA:54,2
DA:55,10
LF:19
LH:19
end_of_record
SF:lib\shared\templates\warren_button.dart
DA:6,4
DA:13,4
DA:19,4
DA:21,4
DA:22,4
DA:24,4
DA:25,4
DA:26,6
DA:28,4
DA:29,4
DA:30,4
DA:31,4
DA:32,4
LF:13
LH:13
end_of_record
SF:lib\details\provider\days_provider.dart
DA:3,16
LF:1
LH:1
end_of_record
SF:lib\details\provider\get_price_provider.dart
DA:3,12
LF:1
LH:1
end_of_record
SF:lib\portfolio\provider\cryptos_provider.dart
DA:7,9
DA:8,3
DA:9,3
DA:10,6
DA:15,9
DA:16,3
DA:17,9
LF:7
LH:7
end_of_record
SF:lib\shared\user\user_coin_ammount_provider.dart
DA:5,4
DA:6,2
DA:7,4
DA:11,6
DA:12,4
DA:13,10
LF:6
LH:6
end_of_record
SF:lib\details\widgets\graph_details.dart
DA:11,2
DA:12,2
DA:15,2
DA:16,2
DA:20,2
DA:22,8
DA:23,2
DA:25,2
DA:26,2
DA:27,2
DA:28,2
DA:29,2
DA:31,1
DA:32,1
DA:33,1
DA:34,6
DA:35,2
DA:37,1
DA:38,0
DA:39,0
DA:40,0
DA:45,2
DA:46,2
DA:47,2
DA:48,2
DA:49,2
DA:54,2
DA:55,2
DA:56,2
DA:57,2
DA:69,2
DA:70,2
DA:71,6
DA:73,12
LF:34
LH:31
end_of_record
SF:lib\details\widgets\change_day_button.dart
DA:7,18
DA:10,0
DA:14,3
DA:16,12
DA:18,3
DA:20,0
DA:21,0
DA:23,3
DA:25,3
DA:26,3
DA:27,6
DA:35,3
DA:36,6
DA:38,3
DA:39,8
LF:15
LH:12
end_of_record
SF:lib\shared\templates\default_info_row.dart
DA:4,4
DA:10,4
DA:17,4
DA:19,4
DA:23,4
DA:24,4
DA:25,4
DA:26,4
DA:33,4
DA:34,4
DA:36,4
DA:37,4
DA:38,4
LF:13
LH:13
end_of_record
SF:lib\shared\repository\cryptos_repository_provider.dart
DA:6,9
DA:7,3
DA:8,3
DA:9,6
LF:4
LH:4
end_of_record
SF:lib\shared\api\cryptos_endpoint_provider.dart
DA:6,9
DA:7,3
DA:8,3
DA:9,6
LF:4
LH:4
end_of_record
SF:lib\movements\widgets\movements_list_tile.dart
DA:14,3
DA:17,3
DA:20,3
DA:22,6
DA:23,3
DA:24,3
DA:26,3
DA:27,24
DA:28,24
DA:31,3
DA:33,3
DA:34,12
DA:35,18
LF:13
LH:13
end_of_record
SF:lib\movements\view\moves_page.dart
DA:7,1
DA:12,1
LF:2
LH:2
end_of_record
SF:lib\movements\view\moves_screen.dart
DA:10,10
DA:13,2
DA:15,4
DA:16,2
DA:22,2
DA:24,2
DA:25,2
DA:29,2
DA:30,4
DA:32,2
DA:39,2
DA:40,2
DA:41,2
DA:42,2
DA:43,2
DA:44,2
DA:46,2
DA:47,2
LF:18
LH:18
end_of_record
SF:lib\shared\templates\custom_bottom_nav_bar.dart
DA:9,18
DA:11,2
DA:12,2
DA:16,0
DA:18,0
DA:19,0
DA:20,0
DA:24,0
DA:25,0
DA:26,0
DA:33,2
DA:35,2
DA:36,2
DA:37,4
DA:38,2
DA:39,2
DA:40,2
DA:41,2
DA:42,2
DA:44,4
DA:46,2
DA:47,2
DA:48,2
DA:50,4
LF:24
LH:17
end_of_record
SF:lib\shared\user\movements_provider.dart
DA:6,6
DA:7,2
DA:8,2
DA:9,2
DA:10,2
DA:11,2
DA:12,2
DA:13,2
LF:8
LH:8
end_of_record
SF:lib\portfolio\provider\balance_provider.dart
DA:4,15
LF:1
LH:1
end_of_record
SF:lib\portfolio\provider\visible_provider.dart
DA:3,16
LF:1
LH:1
end_of_record
SF:lib\portfolio\view\portfolio_page.dart
DA:8,1
DA:10,1
LF:2
LH:2
end_of_record
SF:lib\portfolio\view\portfolio_screen.dart
DA:10,9
DA:12,1
DA:14,2
DA:15,1
DA:16,0
DA:17,0
DA:19,1
DA:20,1
DA:21,0
DA:22,0
DA:26,1
LF:11
LH:7
end_of_record
SF:lib\shared\templates\error_body.dart
DA:8,1
DA:11,1
DA:15,1
DA:17,1
DA:18,1
DA:20,1
DA:21,1
DA:25,1
DA:26,2
DA:33,1
DA:37,1
DA:38,1
DA:40,2
LF:13
LH:13
end_of_record
SF:lib\shared\templates\loading_body.dart
DA:7,9
DA:11,1
DA:13,1
DA:14,1
DA:15,1
LF:5
LH:5
end_of_record
SF:lib\portfolio\widgets\body_portfolio_screen.dart
DA:8,1
DA:11,1
DA:13,1
DA:15,1
DA:16,1
DA:18,3
LF:6
LH:6
end_of_record
SF:lib\portfolio\widgets\asset_list_tile.dart
DA:13,3
DA:17,3
DA:22,3
DA:24,9
DA:25,3
DA:26,0
DA:27,0
DA:30,0
DA:31,0
DA:32,0
DA:36,3
DA:39,3
DA:40,6
DA:41,3
DA:43,3
DA:45,3
DA:46,15
DA:47,3
DA:48,3
DA:49,6
DA:50,9
DA:65,3
DA:66,3
DA:67,3
DA:68,3
DA:69,6
DA:70,3
DA:72,3
DA:77,3
DA:78,3
DA:79,18
LF:31
LH:26
end_of_record
SF:lib\portfolio\widgets\visibility_off_container.dart
DA:4,19
DA:8,0
DA:11,2
DA:13,2
DA:14,2
DA:15,2
DA:16,2
DA:17,2
DA:18,2
LF:9
LH:8
end_of_record
SF:lib\portfolio\widgets\wallet_assets_list_view.dart
DA:12,2
DA:15,2
DA:18,2
DA:20,2
DA:24,2
DA:25,2
DA:26,6
DA:27,8
DA:28,12
DA:33,2
DA:35,2
DA:37,2
DA:38,16
DA:41,2
DA:43,6
DA:44,2
DA:45,6
DA:46,2
DA:47,2
DA:49,2
DA:51,2
DA:52,10
LF:22
LH:22
end_of_record
SF:lib\portfolio\widgets\wallet_visibility.dart
DA:14,10
DA:17,2
DA:18,2
DA:22,2
DA:24,8
DA:25,6
DA:27,2
DA:29,2
DA:31,2
DA:33,2
DA:36,2
DA:37,2
DA:38,4
DA:40,2
DA:45,2
DA:48,2
DA:50,1
DA:51,2
DA:52,2
DA:55,2
DA:56,2
DA:60,2
DA:61,8
DA:62,6
DA:68,2
DA:69,4
DA:71,2
DA:72,2
LF:28
LH:28
end_of_record
SF:lib\review\widgets\info_review_column.dart
DA:7,2
DA:12,1
DA:18,2
DA:20,2
DA:22,2
DA:24,8
DA:26,8
DA:28,8
LF:8
LH:8
end_of_record
SF:lib\review\widgets\review_buttons.dart
DA:8,2
DA:11,1
DA:13,2
DA:15,2
DA:17,2
DA:18,2
DA:19,2
DA:20,2
DA:22,0
DA:23,0
DA:25,4
DA:26,2
DA:27,2
DA:29,2
DA:34,2
DA:35,2
DA:37,2
DA:38,4
DA:39,2
LF:19
LH:17
end_of_record
SF:lib\review\review_page.dart
DA:18,1
DA:24,1
DA:31,1
DA:32,1
DA:36,1
DA:37,5
DA:38,4
DA:39,10
DA:44,1
DA:46,3
DA:47,2
DA:48,2
DA:49,2
DA:50,1
DA:51,6
DA:52,3
DA:53,3
DA:55,1
DA:56,3
DA:57,1
DA:62,1
DA:64,1
DA:65,1
DA:66,2
DA:67,3
DA:69,1
DA:70,1
DA:72,8
DA:74,8
DA:75,1
DA:78,1
DA:79,0
DA:80,0
DA:81,0
DA:83,0
DA:84,0
DA:85,0
DA:86,0
DA:87,0
DA:88,0
DA:89,0
DA:90,0
DA:92,0
DA:95,0
LF:44
LH:31
end_of_record
SF:lib\review\success_conversion_page.dart
DA:8,1
DA:11,1
DA:14,1
DA:15,1
DA:20,1
DA:21,2
DA:22,2
DA:23,1
DA:26,2
DA:27,2
DA:28,1
DA:33,1
DA:35,1
DA:36,1
DA:39,1
DA:41,1
DA:44,1
DA:46,1
DA:47,1
DA:50,1
DA:55,0
DA:56,0
DA:59,0
DA:64,1
DA:65,1
DA:67,1
DA:70,1
DA:71,1
DA:75,1
DA:76,1
DA:80,1
DA:83,1
DA:84,2
DA:86,1
DA:92,1
DA:93,2
DA:94,1
DA:95,1
LF:38
LH:35
end_of_record
