SF:lib\conversion\logicholder\methods\conversion_methods.dart
DA:2,1
DA:3,2
DA:6,1
DA:7,2
DA:10,1
LF:5
LH:5
end_of_record
SF:lib\shared\common_model\crypto.dart
DA:10,15
LF:1
LH:1
end_of_record
SF:lib\shared\utils\decimal_parse.dart
DA:4,42
LF:1
LH:1
end_of_record
SF:lib\l10n\core_strings.dart
DA:64,99
DA:68,20
DA:69,20
DA:262,33
DA:264,33
DA:266,66
DA:269,33
DA:270,99
DA:272,0
DA:276,33
DA:280,33
DA:281,34
DA:282,63
DA:283,2
DA:286,0
LF:15
LH:13
end_of_record
SF:lib\shared\theme\theme_data_criptos.dart
DA:5,33
DA:6,33
DA:7,33
DA:8,33
DA:15,33
DA:21,33
LF:6
LH:6
end_of_record
SF:lib\conversion\widgets\available_balance_container.dart
DA:10,2
DA:14,2
DA:17,2
DA:19,2
DA:24,2
DA:25,2
DA:27,2
DA:28,2
DA:29,4
DA:30,2
DA:31,2
DA:36,2
DA:37,12
DA:38,2
LF:14
LH:14
end_of_record
SF:lib\conversion\logicholder\methods\show_modal_bottom_sheet_cryptos.dart
DA:6,0
DA:11,0
DA:18,0
DA:19,0
DA:21,0
DA:23,0
DA:24,0
DA:29,0
DA:31,0
DA:38,0
LF:10
LH:0
end_of_record
SF:lib\shared\templates\app_assets.dart
DA:5,24
LF:1
LH:1
end_of_record
SF:lib\l10n\core_strings_en.dart
DA:5,2
DA:7,1
DA:10,1
DA:13,1
DA:16,1
DA:19,1
DA:22,1
DA:25,1
DA:28,1
DA:31,1
DA:34,1
DA:37,1
DA:40,1
DA:43,1
DA:46,1
DA:49,1
DA:52,1
DA:55,1
DA:58,1
DA:61,1
DA:64,1
DA:67,1
DA:70,1
DA:73,1
DA:76,1
DA:79,1
DA:82,1
DA:85,1
LF:28
LH:28
end_of_record
SF:lib\l10n\core_strings_es.dart
DA:5,62
DA:7,3
DA:10,4
DA:13,2
DA:16,2
DA:19,1
DA:22,3
DA:25,3
DA:28,3
DA:31,3
DA:34,2
DA:37,4
DA:40,3
DA:43,3
DA:46,1
DA:49,1
DA:52,1
DA:55,3
DA:58,2
DA:61,2
DA:64,3
DA:67,3
DA:70,3
DA:73,3
DA:76,2
DA:79,2
DA:82,5
DA:85,5
LF:28
LH:28
end_of_record
SF:lib\l10n\core_strings_pt.dart
DA:5,2
DA:7,1
DA:10,1
DA:13,1
DA:16,1
DA:19,1
DA:22,1
DA:25,1
DA:28,1
DA:31,1
DA:34,1
DA:37,1
DA:40,1
DA:43,1
DA:46,1
DA:49,1
DA:52,1
DA:55,1
DA:58,1
DA:61,1
DA:64,1
DA:67,1
DA:70,1
DA:73,1
DA:76,1
DA:79,1
DA:82,1
DA:85,1
LF:28
LH:28
end_of_record
SF:lib\conversion\widgets\body_conversion_screen.dart
DA:25,1
DA:30,1
DA:34,1
DA:36,1
DA:48,1
DA:50,1
DA:51,3
DA:52,3
DA:53,6
DA:56,1
DA:58,0
DA:59,0
DA:60,0
DA:61,0
DA:62,0
DA:63,0
DA:64,0
DA:68,0
DA:69,0
DA:70,0
DA:71,0
DA:75,5
DA:76,2
DA:77,2
DA:79,3
DA:80,1
DA:81,10
DA:83,1
DA:85,1
DA:86,1
DA:87,1
DA:88,1
DA:93,1
DA:95,1
DA:96,1
DA:98,2
DA:99,0
DA:100,0
DA:102,0
DA:103,0
DA:104,0
DA:105,0
DA:106,0
DA:108,0
DA:109,0
DA:110,0
DA:111,0
DA:112,0
DA:113,0
DA:115,0
DA:116,0
DA:117,0
DA:118,0
DA:119,0
DA:120,0
DA:122,0
DA:123,0
DA:124,0
DA:125,0
DA:126,0
DA:127,0
DA:128,0
DA:129,0
DA:130,0
DA:131,0
DA:132,0
DA:133,0
DA:136,0
DA:138,0
DA:139,0
DA:144,0
DA:149,0
DA:153,1
DA:155,1
DA:157,0
DA:158,0
DA:159,0
DA:160,0
DA:161,0
DA:162,0
DA:163,0
DA:164,0
DA:165,0
DA:166,0
DA:167,0
DA:169,0
DA:170,0
DA:171,0
DA:174,1
DA:176,2
DA:177,0
DA:178,0
DA:180,0
DA:181,0
DA:182,0
DA:183,0
DA:184,0
DA:186,0
DA:187,0
DA:188,0
DA:189,0
DA:190,0
DA:191,0
DA:192,0
DA:193,0
DA:194,0
DA:196,0
DA:199,0
DA:200,0
DA:201,0
DA:202,0
DA:203,0
DA:204,0
DA:205,0
DA:206,0
DA:207,0
DA:208,0
DA:209,0
DA:210,0
DA:213,0
DA:215,0
DA:216,0
DA:221,0
DA:226,0
DA:230,1
DA:234,1
DA:235,1
DA:236,1
DA:237,1
DA:238,0
DA:239,0
DA:240,0
DA:241,0
DA:242,0
DA:244,0
DA:245,0
DA:246,0
DA:247,0
DA:248,0
DA:249,0
DA:250,0
DA:255,2
DA:256,1
DA:257,1
DA:258,1
DA:259,1
LF:146
LH:39
end_of_record
SF:lib\conversion\widgets\coin_button.dart
DA:6,2
DA:11,2
DA:15,2
DA:16,2
DA:20,2
DA:22,2
DA:23,2
DA:24,4
DA:25,2
DA:27,4
DA:28,2
DA:29,2
DA:30,2
DA:33,10
DA:35,2
DA:39,10
LF:16
LH:16
end_of_record
SF:lib\conversion\widgets\coin_text_field.dart
DA:7,2
DA:14,2
DA:21,2
DA:22,2
DA:26,2
DA:28,2
DA:33,2
DA:34,4
DA:35,2
DA:36,2
DA:37,2
DA:40,4
DA:41,2
DA:42,10
DA:49,4
DA:50,4
DA:51,2
DA:52,4
LF:18
LH:18
end_of_record
SF:lib\conversion\widgets\helper_currency_text.dart
DA:8,2
DA:11,2
DA:15,2
DA:17,2
DA:22,2
DA:23,8
LF:6
LH:6
end_of_record
SF:lib\conversion\widgets\informative_text.dart
DA:7,30
DA:9,2
DA:11,2
DA:16,2
DA:17,4
DA:18,6
LF:6
LH:6
end_of_record
SF:lib\conversion\widgets\swap_icon_button.dart
DA:6,2
DA:9,2
DA:11,2
DA:12,2
DA:16,2
DA:18,2
DA:19,2
DA:22,2
DA:25,4
LF:9
LH:9
end_of_record
SF:lib\conversion\widgets\total_convert_value_container.dart
DA:9,2
DA:13,2
DA:18,2
DA:20,2
DA:22,2
DA:23,2
DA:29,2
DA:30,2
DA:31,4
DA:34,2
DA:37,2
DA:38,2
DA:39,4
DA:41,2
DA:49,2
DA:50,12
LF:16
LH:16
end_of_record
SF:lib\portfolio\model\crypto_view_data.dart
DA:6,3
DA:13,3
LF:2
LH:2
end_of_record
SF:lib\conversion\controller\controller_arguments.dart
DA:6,9
DA:7,3
DA:8,3
DA:9,3
DA:10,3
DA:11,3
DA:16,3
DA:19,3
DA:24,3
LF:9
LH:9
end_of_record
SF:lib\shared\utils\arguments\to_revision_arguments.dart
DA:10,3
LF:1
LH:1
end_of_record
SF:lib\conversion\controller\converted_crypto_provider.dart
DA:6,4
DA:7,1
DA:12,1
LF:3
LH:3
end_of_record
SF:lib\conversion\controller\validate_provider.dart
DA:3,8
LF:1
LH:1
end_of_record
SF:lib\shared\user\user_coin_ammount_provider.dart
DA:5,2
DA:6,1
DA:7,2
DA:11,3
DA:12,2
DA:13,5
LF:6
LH:6
end_of_record
SF:lib\shared\utils\currency_formater.dart
DA:5,33
DA:6,22
LF:2
LH:2
end_of_record
SF:lib\shared\utils\decimal_to_double.dart
DA:4,36
LF:1
LH:1
end_of_record
SF:lib\conversion\view\conversion_screen.dart
DA:11,2
DA:15,2
DA:19,2
DA:20,2
DA:24,2
DA:26,6
DA:28,2
DA:29,0
DA:30,0
DA:31,0
DA:32,0
DA:36,2
DA:37,2
DA:38,0
DA:39,0
DA:43,2
LF:16
LH:10
end_of_record
SF:lib\shared\templates\error_body.dart
DA:8,4
DA:11,4
DA:15,4
DA:17,4
DA:18,4
DA:20,4
DA:21,4
DA:25,4
DA:26,8
DA:33,4
DA:37,4
DA:38,4
DA:40,8
LF:13
LH:13
end_of_record
SF:lib\conversion\view\conversion_page.dart
DA:12,1
DA:16,1
DA:20,1
DA:22,1
DA:24,3
DA:25,1
DA:26,1
DA:27,1
LF:8
LH:8
end_of_record
SF:lib\conversion\widgets\floating_cripto_button.dart
DA:10,21
DA:12,0
DA:13,2
DA:15,8
DA:16,8
DA:17,2
DA:18,0
DA:20,0
DA:21,0
DA:24,0
DA:25,0
DA:26,0
DA:27,0
DA:28,0
DA:31,0
LF:15
LH:5
end_of_record
SF:lib\shared\templates\model_app_bar.dart
DA:5,2
DA:8,2
DA:11,2
DA:13,2
DA:15,2
DA:16,0
DA:17,0
DA:20,8
DA:23,2
DA:24,2
DA:25,6
DA:30,2
LF:12
LH:10
end_of_record
SF:lib\portfolio\controller\cryptos_provider.dart
DA:7,12
DA:8,4
DA:9,4
DA:10,8
DA:15,12
DA:16,4
DA:17,12
LF:7
LH:7
end_of_record
SF:lib\shared\templates\loading_body.dart
DA:7,29
DA:9,0
DA:11,4
DA:13,4
DA:14,4
DA:15,4
LF:6
LH:5
end_of_record
SF:lib\portfolio\usecase\cryptos_usecase.dart
DA:7,4
DA:9,4
DA:10,8
DA:11,0
LF:4
LH:3
end_of_record
SF:lib\shared\repository\cryptos_repository_provider.dart
DA:6,15
DA:7,5
DA:8,5
DA:9,10
LF:4
LH:4
end_of_record
SF:lib\portfolio\mapper\crypto_mapper.dart
DA:5,0
DA:6,0
DA:7,0
DA:8,0
DA:9,0
DA:10,0
DA:11,0
DA:12,0
DA:13,0
DA:14,0
DA:17,0
LF:11
LH:0
end_of_record
SF:lib\shared\api\models\get_all_cryptos_response.dart
DA:7,0
LF:1
LH:0
end_of_record
SF:lib\shared\repository\cryptos_repository.dart
DA:9,5
DA:11,4
DA:12,8
DA:13,0
DA:14,0
DA:15,0
DA:16,0
DA:17,0
DA:24,1
DA:25,2
DA:26,0
LF:11
LH:5
end_of_record
SF:lib\shared\api\cryptos_endpoint.dart
DA:8,5
DA:9,4
DA:10,8
DA:11,8
DA:14,1
DA:15,2
DA:16,2
LF:7
LH:7
end_of_record
SF:lib\shared\api\cryptos_endpoint_provider.dart
DA:6,15
DA:7,5
DA:8,5
DA:9,10
LF:4
LH:4
end_of_record
SF:lib\shared\api\models\cryptos_response.dart
DA:14,0
DA:23,0
DA:24,0
DA:26,0
LF:4
LH:0
end_of_record
SF:lib\shared\api\models\cryptos_response.g.dart
DA:9,0
DA:10,0
DA:11,0
DA:12,0
DA:13,0
DA:14,0
DA:15,0
DA:16,0
DA:19,0
DA:20,0
DA:21,0
DA:22,0
DA:23,0
DA:24,0
DA:25,0
DA:26,0
LF:16
LH:0
end_of_record
SF:lib\shared\api\models\get_crypto_market_data_response.dart
DA:9,0
DA:11,0
DA:13,0
LF:3
LH:0
end_of_record
SF:lib\shared\api\models\get_crypto_market_data_response.g.dart
DA:9,0
DA:11,0
DA:12,0
DA:13,0
DA:14,0
DA:17,0
DA:19,0
DA:20,0
LF:8
LH:0
end_of_record
SF:lib\shared\templates\warren_button.dart
DA:6,7
DA:13,7
DA:19,7
DA:21,7
DA:22,7
DA:24,7
DA:25,7
DA:26,9
DA:28,7
DA:29,7
DA:30,7
DA:31,7
DA:32,7
LF:13
LH:13
end_of_record
SF:lib\details\model\prices_view_data.dart
DA:4,2
LF:1
LH:1
end_of_record
SF:lib\details\widgets\body_details_screen.dart
DA:21,1
DA:26,1
DA:30,1
DA:32,4
DA:34,12
DA:36,1
DA:37,1
DA:40,1
DA:41,1
DA:42,1
DA:44,1
DA:45,1
DA:46,4
DA:47,1
DA:48,1
DA:49,2
DA:50,2
DA:57,1
DA:60,1
DA:61,1
DA:62,1
DA:64,1
DA:68,1
DA:69,0
DA:70,0
DA:73,0
DA:74,0
DA:75,0
DA:79,2
DA:80,1
LF:30
LH:25
end_of_record
SF:lib\details\widgets\change_days_buttons.dart
DA:6,10
DA:8,2
DA:10,2
DA:15,2
LF:4
LH:4
end_of_record
SF:lib\details\widgets\info_column.dart
DA:12,2
DA:19,2
DA:27,2
DA:29,2
DA:34,2
DA:35,2
DA:37,2
DA:38,8
DA:39,4
DA:40,12
DA:44,2
DA:45,8
DA:47,10
DA:48,4
DA:52,2
DA:53,4
DA:55,12
DA:58,2
DA:59,4
DA:60,4
DA:61,10
LF:21
LH:21
end_of_record
SF:lib\details\widgets\top_page_container.dart
DA:11,2
DA:14,2
DA:16,2
DA:18,8
DA:19,2
DA:24,2
DA:26,2
DA:27,2
DA:29,2
DA:30,2
DA:31,2
DA:32,4
DA:42,2
DA:44,8
DA:48,8
DA:49,2
DA:53,2
DA:54,2
DA:55,10
LF:19
LH:19
end_of_record
SF:lib\details\controller\days_provider.dart
DA:3,16
LF:1
LH:1
end_of_record
SF:lib\details\controller\get_price_provider.dart
DA:3,12
LF:1
LH:1
end_of_record
SF:lib\shared\utils\arguments\to_conversion_arguments.dart
DA:7,0
LF:1
LH:0
end_of_record
SF:lib\details\widgets\graph_details.dart
DA:11,2
DA:12,2
DA:15,2
DA:16,2
DA:20,2
DA:22,8
DA:23,2
DA:25,2
DA:26,2
DA:27,2
DA:28,2
DA:29,2
DA:30,0
DA:31,0
DA:32,0
DA:33,0
DA:34,0
DA:38,0
DA:39,0
DA:40,0
DA:41,0
DA:42,0
DA:49,2
DA:50,2
DA:51,0
DA:52,0
DA:55,0
DA:57,0
DA:61,2
DA:63,2
DA:65,2
DA:71,0
DA:72,0
DA:73,0
DA:74,0
DA:81,0
DA:85,2
DA:86,2
DA:87,2
DA:88,2
DA:89,2
DA:94,2
DA:95,2
DA:96,2
DA:97,2
DA:109,2
DA:110,2
DA:111,6
DA:113,12
LF:49
LH:30
end_of_record
SF:lib\details\widgets\change_day_button.dart
DA:7,10
DA:10,0
DA:14,3
DA:16,12
DA:18,3
DA:19,0
DA:20,0
DA:22,3
DA:24,3
DA:25,3
DA:26,6
DA:34,3
DA:35,6
DA:37,3
DA:38,8
LF:15
LH:12
end_of_record
SF:lib\shared\templates\default_info_row.dart
DA:4,4
DA:10,4
DA:17,4
DA:19,4
DA:23,4
DA:24,4
DA:25,4
DA:26,4
DA:33,4
DA:34,4
DA:36,4
DA:37,4
DA:38,4
LF:13
LH:13
end_of_record
SF:lib\details\view\details_screen.dart
DA:12,1
DA:16,1
DA:20,1
DA:22,5
DA:24,1
DA:25,0
DA:26,0
DA:28,0
DA:29,0
DA:32,1
DA:33,1
DA:34,0
DA:35,0
DA:36,0
DA:41,1
LF:15
LH:8
end_of_record
SF:lib\details\controller\historic_data_provider.dart
DA:7,3
DA:8,1
DA:9,1
DA:10,2
DA:15,3
DA:16,1
DA:17,3
LF:7
LH:7
end_of_record
SF:lib\details\usecase\prices_usecase.dart
DA:9,1
DA:11,1
DA:12,2
DA:13,0
LF:4
LH:3
end_of_record
SF:lib\details\mapper\prices_mapper.dart
DA:5,0
DA:6,0
DA:7,0
DA:8,0
DA:9,0
LF:5
LH:0
end_of_record
SF:lib\moves\widgets\movements_list_tile.dart
DA:14,3
DA:17,3
DA:20,3
DA:22,6
DA:23,3
DA:24,3
DA:26,3
DA:27,24
DA:28,24
DA:31,3
DA:33,3
DA:34,12
DA:35,18
LF:13
LH:13
end_of_record
SF:lib\shared\common_model\move_model.dart
DA:12,5
DA:21,0
DA:22,0
DA:24,0
DA:25,0
DA:26,0
DA:27,0
DA:28,0
DA:29,0
DA:34,0
DA:35,0
DA:36,0
DA:37,0
DA:38,0
DA:39,0
DA:40,0
DA:41,0
DA:45,0
DA:47,0
DA:48,0
LF:20
LH:1
end_of_record
SF:lib\moves\view\moves_screen.dart
DA:10,9
DA:12,0
DA:13,2
DA:15,4
DA:16,2
DA:22,2
DA:24,2
DA:25,2
DA:29,2
DA:30,4
DA:32,2
DA:39,2
DA:40,2
DA:41,2
DA:42,2
DA:43,2
DA:44,2
DA:46,2
DA:47,2
LF:19
LH:18
end_of_record
SF:lib\moves\view\moves_page.dart
DA:7,1
DA:9,0
DA:12,1
LF:3
LH:2
end_of_record
SF:lib\shared\templates\custom_bottom_nav_bar.dart
DA:9,16
DA:11,2
DA:12,2
DA:17,0
DA:19,0
DA:20,0
DA:21,0
DA:25,0
DA:26,0
DA:27,0
DA:34,2
DA:36,2
DA:37,2
DA:38,4
DA:39,2
DA:40,2
DA:41,2
DA:42,2
DA:43,2
DA:45,4
DA:47,2
DA:48,2
DA:49,2
DA:51,4
LF:24
LH:17
end_of_record
SF:lib\shared\user\movements_provider.dart
DA:6,6
DA:7,2
DA:8,2
DA:9,2
DA:10,2
DA:11,2
DA:12,2
DA:13,2
LF:8
LH:8
end_of_record
SF:lib\portfolio\controller\balance_provider.dart
DA:4,10
LF:1
LH:1
end_of_record
SF:lib\portfolio\controller\visible_provider.dart
DA:3,12
LF:1
LH:1
end_of_record
SF:lib\portfolio\view\portfolio_page.dart
DA:8,1
DA:10,1
LF:2
LH:2
end_of_record
SF:lib\portfolio\widgets\portfolio_screen.dart
DA:11,8
DA:13,1
DA:15,2
DA:16,1
DA:17,0
DA:18,0
DA:19,0
DA:21,0
DA:25,1
DA:26,1
DA:27,0
DA:28,0
DA:32,1
LF:13
LH:7
end_of_record
SF:lib\portfolio\widgets\asset_list_tile.dart
DA:13,2
DA:17,2
DA:22,2
DA:24,6
DA:25,2
DA:26,0
DA:27,0
DA:30,0
DA:31,0
DA:32,0
DA:36,2
DA:39,2
DA:40,4
DA:41,2
DA:43,2
DA:45,2
DA:46,10
DA:47,2
DA:48,2
DA:49,4
DA:50,6
DA:65,2
DA:66,2
DA:67,2
DA:68,2
DA:69,4
DA:70,2
DA:72,2
DA:77,2
DA:78,2
DA:79,12
LF:31
LH:26
end_of_record
SF:lib\shared\utils\arguments\to_details_arguments.dart
DA:8,0
LF:1
LH:0
end_of_record
SF:lib\portfolio\widgets\visibility_off_container.dart
DA:4,17
DA:8,0
DA:11,2
DA:13,2
DA:14,2
DA:15,2
DA:16,2
DA:17,2
DA:18,2
LF:9
LH:8
end_of_record
SF:lib\portfolio\widgets\wallet_assets_list_view.dart
DA:12,1
DA:15,1
DA:18,1
DA:20,1
DA:24,1
DA:25,1
DA:26,3
DA:27,4
DA:28,6
DA:33,1
DA:35,1
DA:37,1
DA:38,8
DA:41,1
DA:43,3
DA:44,1
DA:45,3
DA:46,1
DA:47,1
DA:49,1
DA:51,1
DA:52,5
LF:22
LH:22
end_of_record
SF:lib\portfolio\widgets\wallet_visibility.dart
DA:14,9
DA:17,1
DA:18,1
DA:22,1
DA:24,4
DA:25,3
DA:27,1
DA:29,1
DA:31,1
DA:33,1
DA:36,1
DA:37,1
DA:38,2
DA:40,1
DA:45,1
DA:48,1
DA:50,1
DA:51,2
DA:52,2
DA:55,1
DA:56,1
DA:60,1
DA:61,4
DA:62,3
DA:68,1
DA:69,2
DA:71,1
DA:72,1
LF:28
LH:28
end_of_record
SF:lib\review\widgets\info_review_column.dart
DA:7,2
DA:12,1
DA:18,2
DA:20,2
DA:22,2
DA:24,8
DA:26,8
DA:28,8
LF:8
LH:8
end_of_record
SF:lib\review\widgets\review_buttons.dart
DA:8,2
DA:11,1
DA:13,2
DA:15,2
DA:17,2
DA:18,2
DA:19,2
DA:20,2
DA:22,0
DA:23,0
DA:25,4
DA:26,2
DA:27,2
DA:29,2
DA:34,2
DA:35,2
DA:37,2
DA:38,4
DA:39,2
LF:19
LH:17
end_of_record
SF:lib\review\review_page.dart
DA:18,1
DA:24,1
DA:31,1
DA:32,1
DA:36,1
DA:37,5
DA:38,4
DA:39,10
DA:44,1
DA:46,3
DA:47,2
DA:48,2
DA:49,2
DA:50,1
DA:51,6
DA:52,3
DA:53,3
DA:55,1
DA:56,3
DA:57,1
DA:62,1
DA:64,1
DA:65,1
DA:66,2
DA:67,3
DA:69,1
DA:70,1
DA:72,8
DA:74,8
DA:75,1
DA:78,1
DA:79,0
DA:80,0
DA:81,0
DA:83,0
DA:84,0
DA:85,0
DA:86,0
DA:87,0
DA:88,0
DA:89,0
DA:90,0
DA:92,0
DA:95,0
LF:44
LH:31
end_of_record
SF:lib\review\success_conversion_page.dart
DA:8,1
DA:11,1
DA:14,1
DA:15,1
DA:20,1
DA:21,2
DA:22,2
DA:23,1
DA:26,2
DA:27,2
DA:28,1
DA:33,1
DA:35,1
DA:36,1
DA:39,1
DA:41,1
DA:44,1
DA:46,1
DA:47,1
DA:50,1
DA:55,0
DA:56,0
DA:59,0
DA:64,1
DA:65,1
DA:67,1
DA:70,1
DA:71,1
DA:75,1
DA:76,1
DA:80,1
DA:83,1
DA:84,2
DA:86,1
DA:92,1
DA:93,2
DA:94,1
DA:95,1
LF:38
LH:35
end_of_record
